<?xml version="1.0" encoding="UTF-8"?>
<<<<<<< HEAD
<testsuite xmlns:xsi="http://www.w3.org/2001/XMLSchema-instance" xsi:noNamespaceSchemaLocation="https://maven.apache.org/surefire/maven-surefire-plugin/xsd/surefire-test-report-3.0.xsd" version="3.0" name="runners.RunnerTest" time="5.313" tests="1" errors="0" skipped="0" failures="0">
=======
<testsuite xmlns:xsi="http://www.w3.org/2001/XMLSchema-instance" xsi:noNamespaceSchemaLocation="https://maven.apache.org/surefire/maven-surefire-plugin/xsd/surefire-test-report-3.0.xsd" version="3.0" name="runners.RunnerTest" time="5.931" tests="1" errors="0" skipped="0" failures="0">
>>>>>>> main
  <properties>
    <property name="java.specification.version" value="25"/>
    <property name="webdriver.chrome.driver" value="/Users/lamoricaswain/.cache/selenium/chromedriver/mac-arm64/141.0.7390.54/chromedriver"/>
    <property name="sun.jnu.encoding" value="UTF-8"/>
    <property name="java.class.path" value="/Users/lamoricaswain/MissionUnderwriters/MissionQaTest/target/test-classes:/Users/lamoricaswain/MissionUnderwriters/MissionQaTest/target/classes:/Users/lamoricaswain/.m2/repository/org/seleniumhq/selenium/selenium-java/4.20.0/selenium-java-4.20.0.jar:/Users/lamoricaswain/.m2/repository/org/seleniumhq/selenium/selenium-api/4.20.0/selenium-api-4.20.0.jar:/Users/lamoricaswain/.m2/repository/org/seleniumhq/selenium/selenium-chrome-driver/4.20.0/selenium-chrome-driver-4.20.0.jar:/Users/lamoricaswain/.m2/repository/com/google/auto/service/auto-service-annotations/1.1.1/auto-service-annotations-1.1.1.jar:/Users/lamoricaswain/.m2/repository/org/seleniumhq/selenium/selenium-chromium-driver/4.20.0/selenium-chromium-driver-4.20.0.jar:/Users/lamoricaswain/.m2/repository/org/seleniumhq/selenium/selenium-json/4.20.0/selenium-json-4.20.0.jar:/Users/lamoricaswain/.m2/repository/org/seleniumhq/selenium/selenium-manager/4.20.0/selenium-manager-4.20.0.jar:/Users/lamoricaswain/.m2/repository/org/seleniumhq/selenium/selenium-devtools-v122/4.20.0/selenium-devtools-v122-4.20.0.jar:/Users/lamoricaswain/.m2/repository/org/seleniumhq/selenium/selenium-devtools-v123/4.20.0/selenium-devtools-v123-4.20.0.jar:/Users/lamoricaswain/.m2/repository/org/seleniumhq/selenium/selenium-devtools-v124/4.20.0/selenium-devtools-v124-4.20.0.jar:/Users/lamoricaswain/.m2/repository/org/seleniumhq/selenium/selenium-devtools-v85/4.20.0/selenium-devtools-v85-4.20.0.jar:/Users/lamoricaswain/.m2/repository/org/seleniumhq/selenium/selenium-edge-driver/4.20.0/selenium-edge-driver-4.20.0.jar:/Users/lamoricaswain/.m2/repository/org/seleniumhq/selenium/selenium-firefox-driver/4.20.0/selenium-firefox-driver-4.20.0.jar:/Users/lamoricaswain/.m2/repository/org/seleniumhq/selenium/selenium-http/4.20.0/selenium-http-4.20.0.jar:/Users/lamoricaswain/.m2/repository/dev/failsafe/failsafe/3.3.2/failsafe-3.3.2.jar:/Users/lamoricaswain/.m2/repository/org/seleniumhq/selenium/selenium-ie-driver/4.20.0/selenium-ie-driver-4.20.0.jar:/Users/lamoricaswain/.m2/repository/org/seleniumhq/selenium/selenium-remote-driver/4.20.0/selenium-remote-driver-4.20.0.jar:/Users/lamoricaswain/.m2/repository/com/google/guava/guava/33.1.0-jre/guava-33.1.0-jre.jar:/Users/lamoricaswain/.m2/repository/com/google/guava/failureaccess/1.0.2/failureaccess-1.0.2.jar:/Users/lamoricaswain/.m2/repository/com/google/guava/listenablefuture/9999.0-empty-to-avoid-conflict-with-guava/listenablefuture-9999.0-empty-to-avoid-conflict-with-guava.jar:/Users/lamoricaswain/.m2/repository/com/google/code/findbugs/jsr305/3.0.2/jsr305-3.0.2.jar:/Users/lamoricaswain/.m2/repository/org/checkerframework/checker-qual/3.42.0/checker-qual-3.42.0.jar:/Users/lamoricaswain/.m2/repository/com/google/errorprone/error_prone_annotations/2.26.1/error_prone_annotations-2.26.1.jar:/Users/lamoricaswain/.m2/repository/com/google/j2objc/j2objc-annotations/3.0.0/j2objc-annotations-3.0.0.jar:/Users/lamoricaswain/.m2/repository/io/opentelemetry/semconv/opentelemetry-semconv/1.25.0-alpha/opentelemetry-semconv-1.25.0-alpha.jar:/Users/lamoricaswain/.m2/repository/io/opentelemetry/opentelemetry-api/1.37.0/opentelemetry-api-1.37.0.jar:/Users/lamoricaswain/.m2/repository/io/opentelemetry/opentelemetry-context/1.37.0/opentelemetry-context-1.37.0.jar:/Users/lamoricaswain/.m2/repository/io/opentelemetry/opentelemetry-exporter-logging/1.37.0/opentelemetry-exporter-logging-1.37.0.jar:/Users/lamoricaswain/.m2/repository/io/opentelemetry/opentelemetry-sdk-common/1.37.0/opentelemetry-sdk-common-1.37.0.jar:/Users/lamoricaswain/.m2/repository/io/opentelemetry/opentelemetry-sdk-extension-autoconfigure-spi/1.37.0/opentelemetry-sdk-extension-autoconfigure-spi-1.37.0.jar:/Users/lamoricaswain/.m2/repository/io/opentelemetry/opentelemetry-sdk-extension-autoconfigure/1.37.0/opentelemetry-sdk-extension-autoconfigure-1.37.0.jar:/Users/lamoricaswain/.m2/repository/io/opentelemetry/opentelemetry-api-incubator/1.37.0-alpha/opentelemetry-api-incubator-1.37.0-alpha.jar:/Users/lamoricaswain/.m2/repository/io/opentelemetry/opentelemetry-sdk-trace/1.37.0/opentelemetry-sdk-trace-1.37.0.jar:/Users/lamoricaswain/.m2/repository/io/opentelemetry/opentelemetry-sdk/1.37.0/opentelemetry-sdk-1.37.0.jar:/Users/lamoricaswain/.m2/repository/io/opentelemetry/opentelemetry-sdk-metrics/1.37.0/opentelemetry-sdk-metrics-1.37.0.jar:/Users/lamoricaswain/.m2/repository/io/opentelemetry/opentelemetry-sdk-logs/1.37.0/opentelemetry-sdk-logs-1.37.0.jar:/Users/lamoricaswain/.m2/repository/net/bytebuddy/byte-buddy/1.14.14/byte-buddy-1.14.14.jar:/Users/lamoricaswain/.m2/repository/org/seleniumhq/selenium/selenium-os/4.20.0/selenium-os-4.20.0.jar:/Users/lamoricaswain/.m2/repository/org/apache/commons/commons-exec/1.4.0/commons-exec-1.4.0.jar:/Users/lamoricaswain/.m2/repository/org/seleniumhq/selenium/selenium-safari-driver/4.20.0/selenium-safari-driver-4.20.0.jar:/Users/lamoricaswain/.m2/repository/org/seleniumhq/selenium/selenium-support/4.20.0/selenium-support-4.20.0.jar:/Users/lamoricaswain/.m2/repository/io/github/bonigarcia/webdrivermanager/5.5.0/webdrivermanager-5.5.0.jar:/Users/lamoricaswain/.m2/repository/org/slf4j/slf4j-api/2.0.7/slf4j-api-2.0.7.jar:/Users/lamoricaswain/.m2/repository/com/google/code/gson/gson/2.10.1/gson-2.10.1.jar:/Users/lamoricaswain/.m2/repository/com/github/docker-java/docker-java/3.3.3/docker-java-3.3.3.jar:/Users/lamoricaswain/.m2/repository/com/github/docker-java/docker-java-core/3.3.3/docker-java-core-3.3.3.jar:/Users/lamoricaswain/.m2/repository/com/github/docker-java/docker-java-api/3.3.3/docker-java-api-3.3.3.jar:/Users/lamoricaswain/.m2/repository/org/apache/commons/commons-compress/1.21/commons-compress-1.21.jar:/Users/lamoricaswain/.m2/repository/org/bouncycastle/bcpkix-jdk18on/1.75/bcpkix-jdk18on-1.75.jar:/Users/lamoricaswain/.m2/repository/org/bouncycastle/bcprov-jdk18on/1.75/bcprov-jdk18on-1.75.jar:/Users/lamoricaswain/.m2/repository/org/bouncycastle/bcutil-jdk18on/1.75/bcutil-jdk18on-1.75.jar:/Users/lamoricaswain/.m2/repository/org/slf4j/jcl-over-slf4j/1.7.30/jcl-over-slf4j-1.7.30.jar:/Users/lamoricaswain/.m2/repository/com/github/docker-java/docker-java-transport-httpclient5/3.3.3/docker-java-transport-httpclient5-3.3.3.jar:/Users/lamoricaswain/.m2/repository/com/github/docker-java/docker-java-transport/3.3.3/docker-java-transport-3.3.3.jar:/Users/lamoricaswain/.m2/repository/net/java/dev/jna/jna/5.12.1/jna-5.12.1.jar:/Users/lamoricaswain/.m2/repository/org/brotli/dec/0.1.2/dec-0.1.2.jar:/Users/lamoricaswain/.m2/repository/org/apache/commons/commons-lang3/3.13.0/commons-lang3-3.13.0.jar:/Users/lamoricaswain/.m2/repository/org/apache/httpcomponents/client5/httpclient5/5.2.1/httpclient5-5.2.1.jar:/Users/lamoricaswain/.m2/repository/org/apache/httpcomponents/core5/httpcore5/5.2/httpcore5-5.2.jar:/Users/lamoricaswain/.m2/repository/org/apache/httpcomponents/core5/httpcore5-h2/5.2/httpcore5-h2-5.2.jar:/Users/lamoricaswain/.m2/repository/org/testng/testng/7.8.0/testng-7.8.0.jar:/Users/lamoricaswain/.m2/repository/com/beust/jcommander/1.82/jcommander-1.82.jar:/Users/lamoricaswain/.m2/repository/org/webjars/jquery/3.6.1/jquery-3.6.1.jar:/Users/lamoricaswain/.m2/repository/io/cucumber/cucumber-java/7.29.0/cucumber-java-7.29.0.jar:/Users/lamoricaswain/.m2/repository/io/cucumber/cucumber-core/7.29.0/cucumber-core-7.29.0.jar:/Users/lamoricaswain/.m2/repository/io/cucumber/cucumber-gherkin/7.29.0/cucumber-gherkin-7.29.0.jar:/Users/lamoricaswain/.m2/repository/io/cucumber/cucumber-gherkin-messages/7.29.0/cucumber-gherkin-messages-7.29.0.jar:/Users/lamoricaswain/.m2/repository/io/cucumber/gherkin/35.1.0/gherkin-35.1.0.jar:/Users/lamoricaswain/.m2/repository/org/assertj/assertj-core/3.27.5/assertj-core-3.27.5.jar:/Users/lamoricaswain/.m2/repository/io/cucumber/messages/29.0.1/messages-29.0.1.jar:/Users/lamoricaswain/.m2/repository/io/cucumber/pretty-formatter/2.3.0/pretty-formatter-2.3.0.jar:/Users/lamoricaswain/.m2/repository/io/cucumber/query/14.4.0/query-14.4.0.jar:/Users/lamoricaswain/.m2/repository/io/cucumber/teamcity-formatter/0.1.1/teamcity-formatter-0.1.1.jar:/Users/lamoricaswain/.m2/repository/io/cucumber/testng-xml-formatter/0.6.0/testng-xml-formatter-0.6.0.jar:/Users/lamoricaswain/.m2/repository/io/cucumber/tag-expressions/6.1.2/tag-expressions-6.1.2.jar:/Users/lamoricaswain/.m2/repository/io/cucumber/cucumber-expressions/18.0.1/cucumber-expressions-18.0.1.jar:/Users/lamoricaswain/.m2/repository/io/cucumber/cucumber-json-formatter/0.2.1/cucumber-json-formatter-0.2.1.jar:/Users/lamoricaswain/.m2/repository/io/cucumber/datatable/7.29.0/datatable-7.29.0.jar:/Users/lamoricaswain/.m2/repository/io/cucumber/cucumber-plugin/7.29.0/cucumber-plugin-7.29.0.jar:/Users/lamoricaswain/.m2/repository/io/cucumber/docstring/7.29.0/docstring-7.29.0.jar:/Users/lamoricaswain/.m2/repository/io/cucumber/html-formatter/21.15.1/html-formatter-21.15.1.jar:/Users/lamoricaswain/.m2/repository/io/cucumber/junit-xml-formatter/0.9.0/junit-xml-formatter-0.9.0.jar:/Users/lamoricaswain/.m2/repository/io/cucumber/ci-environment/10.0.1/ci-environment-10.0.1.jar:/Users/lamoricaswain/.m2/repository/org/apiguardian/apiguardian-api/1.1.2/apiguardian-api-1.1.2.jar:/Users/lamoricaswain/.m2/repository/io/cucumber/cucumber-testng/7.29.0/cucumber-testng-7.29.0.jar:/Users/lamoricaswain/.m2/repository/net/masterthought/cucumber-reporting/4.2.2/cucumber-reporting-4.2.2.jar:/Users/lamoricaswain/.m2/repository/com/fasterxml/jackson/core/jackson-databind/2.9.6/jackson-databind-2.9.6.jar:/Users/lamoricaswain/.m2/repository/com/fasterxml/jackson/core/jackson-annotations/2.9.0/jackson-annotations-2.9.0.jar:/Users/lamoricaswain/.m2/repository/com/fasterxml/jackson/core/jackson-core/2.9.6/jackson-core-2.9.6.jar:/Users/lamoricaswain/.m2/repository/org/apache/velocity/velocity/1.7/velocity-1.7.jar:/Users/lamoricaswain/.m2/repository/commons-collections/commons-collections/3.2.1/commons-collections-3.2.1.jar:/Users/lamoricaswain/.m2/repository/commons-lang/commons-lang/2.4/commons-lang-2.4.jar:/Users/lamoricaswain/.m2/repository/velocity-tools/velocity-tools/1.4/velocity-tools-1.4.jar:/Users/lamoricaswain/.m2/repository/joda-time/joda-time/2.10/joda-time-2.10.jar:/Users/lamoricaswain/.m2/repository/net/lingala/zip4j/zip4j/1.3.2/zip4j-1.3.2.jar:/Users/lamoricaswain/.m2/repository/org/codehaus/plexus/plexus-utils/3.1.0/plexus-utils-3.1.0.jar:/Users/lamoricaswain/.m2/repository/org/jsoup/jsoup/1.11.3/jsoup-1.11.3.jar:/Users/lamoricaswain/.m2/repository/com/googlecode/owasp-java-html-sanitizer/owasp-java-html-sanitizer/20180219.1/owasp-java-html-sanitizer-20180219.1.jar:/Users/lamoricaswain/.m2/repository/commons-configuration/commons-configuration/1.10/commons-configuration-1.10.jar:/Users/lamoricaswain/.m2/repository/commons-logging/commons-logging/1.1.1/commons-logging-1.1.1.jar:/Users/lamoricaswain/.m2/repository/commons-io/commons-io/2.6/commons-io-2.6.jar:/Users/lamoricaswain/.m2/repository/io/rest-assured/rest-assured/4.1.2/rest-assured-4.1.2.jar:/Users/lamoricaswain/.m2/repository/org/codehaus/groovy/groovy/2.5.8/groovy-2.5.8.jar:/Users/lamoricaswain/.m2/repository/org/codehaus/groovy/groovy-xml/2.5.8/groovy-xml-2.5.8.jar:/Users/lamoricaswain/.m2/repository/org/apache/httpcomponents/httpclient/4.5.3/httpclient-4.5.3.jar:/Users/lamoricaswain/.m2/repository/org/apache/httpcomponents/httpcore/4.4.6/httpcore-4.4.6.jar:/Users/lamoricaswain/.m2/repository/commons-codec/commons-codec/1.9/commons-codec-1.9.jar:/Users/lamoricaswain/.m2/repository/org/apache/httpcomponents/httpmime/4.5.3/httpmime-4.5.3.jar:/Users/lamoricaswain/.m2/repository/org/hamcrest/hamcrest/2.1/hamcrest-2.1.jar:/Users/lamoricaswain/.m2/repository/org/ccil/cowan/tagsoup/tagsoup/1.2.1/tagsoup-1.2.1.jar:/Users/lamoricaswain/.m2/repository/io/rest-assured/json-path/4.1.2/json-path-4.1.2.jar:/Users/lamoricaswain/.m2/repository/org/codehaus/groovy/groovy-json/2.5.8/groovy-json-2.5.8.jar:/Users/lamoricaswain/.m2/repository/io/rest-assured/rest-assured-common/4.1.2/rest-assured-common-4.1.2.jar:/Users/lamoricaswain/.m2/repository/io/rest-assured/xml-path/4.1.2/xml-path-4.1.2.jar:/Users/lamoricaswain/.m2/repository/javax/xml/bind/jaxb-api/2.3.1/jaxb-api-2.3.1.jar:/Users/lamoricaswain/.m2/repository/javax/activation/javax.activation-api/1.2.0/javax.activation-api-1.2.0.jar:/Users/lamoricaswain/.m2/repository/com/sun/xml/bind/jaxb-osgi/2.3.0.1/jaxb-osgi-2.3.0.1.jar:/Users/lamoricaswain/.m2/repository/org/apache/sling/org.apache.sling.javax.activation/0.1.0/org.apache.sling.javax.activation-0.1.0.jar:/Users/lamoricaswain/.m2/repository/javax/activation/activation/1.1.1/activation-1.1.1.jar:"/>
    <property name="java.vm.vendor" value="Homebrew"/>
    <property name="sun.arch.data.model" value="64"/>
    <property name="java.vendor.url" value="https://github.com/Homebrew/homebrew-core/issues"/>
    <property name="user.timezone" value="America/New_York"/>
    <property name="os.name" value="Mac OS X"/>
    <property name="java.vm.specification.version" value="25"/>
    <property name="sun.java.launcher" value="SUN_STANDARD"/>
    <property name="user.country" value="US"/>
    <property name="sun.boot.library.path" value="/opt/homebrew/Cellar/openjdk/25/libexec/openjdk.jdk/Contents/Home/lib"/>
<<<<<<< HEAD
    <property name="sun.java.command" value="/Users/lamoricaswain/MissionUnderwriters/MissionQaTest/target/surefire/surefirebooter-20251006214123860_3.jar /Users/lamoricaswain/MissionUnderwriters/MissionQaTest/target/surefire 2025-10-06T21-41-23_805-jvmRun1 surefire-20251006214123860_1tmp surefire_0-20251006214123860_2tmp"/>
=======
    <property name="sun.java.command" value="/Users/lamoricaswain/MissionUnderwriters/MissionQaTest/target/surefire/surefirebooter-20251005232913948_3.jar /Users/lamoricaswain/MissionUnderwriters/MissionQaTest/target/surefire 2025-10-05T23-29-13_894-jvmRun1 surefire-20251005232913948_1tmp surefire_0-20251005232913948_2tmp"/>
>>>>>>> main
    <property name="http.nonProxyHosts" value="local|*.local|169.254/16|*.169.254/16"/>
    <property name="jdk.debug" value="release"/>
    <property name="surefire.test.class.path" value="/Users/lamoricaswain/MissionUnderwriters/MissionQaTest/target/test-classes:/Users/lamoricaswain/MissionUnderwriters/MissionQaTest/target/classes:/Users/lamoricaswain/.m2/repository/org/seleniumhq/selenium/selenium-java/4.20.0/selenium-java-4.20.0.jar:/Users/lamoricaswain/.m2/repository/org/seleniumhq/selenium/selenium-api/4.20.0/selenium-api-4.20.0.jar:/Users/lamoricaswain/.m2/repository/org/seleniumhq/selenium/selenium-chrome-driver/4.20.0/selenium-chrome-driver-4.20.0.jar:/Users/lamoricaswain/.m2/repository/com/google/auto/service/auto-service-annotations/1.1.1/auto-service-annotations-1.1.1.jar:/Users/lamoricaswain/.m2/repository/org/seleniumhq/selenium/selenium-chromium-driver/4.20.0/selenium-chromium-driver-4.20.0.jar:/Users/lamoricaswain/.m2/repository/org/seleniumhq/selenium/selenium-json/4.20.0/selenium-json-4.20.0.jar:/Users/lamoricaswain/.m2/repository/org/seleniumhq/selenium/selenium-manager/4.20.0/selenium-manager-4.20.0.jar:/Users/lamoricaswain/.m2/repository/org/seleniumhq/selenium/selenium-devtools-v122/4.20.0/selenium-devtools-v122-4.20.0.jar:/Users/lamoricaswain/.m2/repository/org/seleniumhq/selenium/selenium-devtools-v123/4.20.0/selenium-devtools-v123-4.20.0.jar:/Users/lamoricaswain/.m2/repository/org/seleniumhq/selenium/selenium-devtools-v124/4.20.0/selenium-devtools-v124-4.20.0.jar:/Users/lamoricaswain/.m2/repository/org/seleniumhq/selenium/selenium-devtools-v85/4.20.0/selenium-devtools-v85-4.20.0.jar:/Users/lamoricaswain/.m2/repository/org/seleniumhq/selenium/selenium-edge-driver/4.20.0/selenium-edge-driver-4.20.0.jar:/Users/lamoricaswain/.m2/repository/org/seleniumhq/selenium/selenium-firefox-driver/4.20.0/selenium-firefox-driver-4.20.0.jar:/Users/lamoricaswain/.m2/repository/org/seleniumhq/selenium/selenium-http/4.20.0/selenium-http-4.20.0.jar:/Users/lamoricaswain/.m2/repository/dev/failsafe/failsafe/3.3.2/failsafe-3.3.2.jar:/Users/lamoricaswain/.m2/repository/org/seleniumhq/selenium/selenium-ie-driver/4.20.0/selenium-ie-driver-4.20.0.jar:/Users/lamoricaswain/.m2/repository/org/seleniumhq/selenium/selenium-remote-driver/4.20.0/selenium-remote-driver-4.20.0.jar:/Users/lamoricaswain/.m2/repository/com/google/guava/guava/33.1.0-jre/guava-33.1.0-jre.jar:/Users/lamoricaswain/.m2/repository/com/google/guava/failureaccess/1.0.2/failureaccess-1.0.2.jar:/Users/lamoricaswain/.m2/repository/com/google/guava/listenablefuture/9999.0-empty-to-avoid-conflict-with-guava/listenablefuture-9999.0-empty-to-avoid-conflict-with-guava.jar:/Users/lamoricaswain/.m2/repository/com/google/code/findbugs/jsr305/3.0.2/jsr305-3.0.2.jar:/Users/lamoricaswain/.m2/repository/org/checkerframework/checker-qual/3.42.0/checker-qual-3.42.0.jar:/Users/lamoricaswain/.m2/repository/com/google/errorprone/error_prone_annotations/2.26.1/error_prone_annotations-2.26.1.jar:/Users/lamoricaswain/.m2/repository/com/google/j2objc/j2objc-annotations/3.0.0/j2objc-annotations-3.0.0.jar:/Users/lamoricaswain/.m2/repository/io/opentelemetry/semconv/opentelemetry-semconv/1.25.0-alpha/opentelemetry-semconv-1.25.0-alpha.jar:/Users/lamoricaswain/.m2/repository/io/opentelemetry/opentelemetry-api/1.37.0/opentelemetry-api-1.37.0.jar:/Users/lamoricaswain/.m2/repository/io/opentelemetry/opentelemetry-context/1.37.0/opentelemetry-context-1.37.0.jar:/Users/lamoricaswain/.m2/repository/io/opentelemetry/opentelemetry-exporter-logging/1.37.0/opentelemetry-exporter-logging-1.37.0.jar:/Users/lamoricaswain/.m2/repository/io/opentelemetry/opentelemetry-sdk-common/1.37.0/opentelemetry-sdk-common-1.37.0.jar:/Users/lamoricaswain/.m2/repository/io/opentelemetry/opentelemetry-sdk-extension-autoconfigure-spi/1.37.0/opentelemetry-sdk-extension-autoconfigure-spi-1.37.0.jar:/Users/lamoricaswain/.m2/repository/io/opentelemetry/opentelemetry-sdk-extension-autoconfigure/1.37.0/opentelemetry-sdk-extension-autoconfigure-1.37.0.jar:/Users/lamoricaswain/.m2/repository/io/opentelemetry/opentelemetry-api-incubator/1.37.0-alpha/opentelemetry-api-incubator-1.37.0-alpha.jar:/Users/lamoricaswain/.m2/repository/io/opentelemetry/opentelemetry-sdk-trace/1.37.0/opentelemetry-sdk-trace-1.37.0.jar:/Users/lamoricaswain/.m2/repository/io/opentelemetry/opentelemetry-sdk/1.37.0/opentelemetry-sdk-1.37.0.jar:/Users/lamoricaswain/.m2/repository/io/opentelemetry/opentelemetry-sdk-metrics/1.37.0/opentelemetry-sdk-metrics-1.37.0.jar:/Users/lamoricaswain/.m2/repository/io/opentelemetry/opentelemetry-sdk-logs/1.37.0/opentelemetry-sdk-logs-1.37.0.jar:/Users/lamoricaswain/.m2/repository/net/bytebuddy/byte-buddy/1.14.14/byte-buddy-1.14.14.jar:/Users/lamoricaswain/.m2/repository/org/seleniumhq/selenium/selenium-os/4.20.0/selenium-os-4.20.0.jar:/Users/lamoricaswain/.m2/repository/org/apache/commons/commons-exec/1.4.0/commons-exec-1.4.0.jar:/Users/lamoricaswain/.m2/repository/org/seleniumhq/selenium/selenium-safari-driver/4.20.0/selenium-safari-driver-4.20.0.jar:/Users/lamoricaswain/.m2/repository/org/seleniumhq/selenium/selenium-support/4.20.0/selenium-support-4.20.0.jar:/Users/lamoricaswain/.m2/repository/io/github/bonigarcia/webdrivermanager/5.5.0/webdrivermanager-5.5.0.jar:/Users/lamoricaswain/.m2/repository/org/slf4j/slf4j-api/2.0.7/slf4j-api-2.0.7.jar:/Users/lamoricaswain/.m2/repository/com/google/code/gson/gson/2.10.1/gson-2.10.1.jar:/Users/lamoricaswain/.m2/repository/com/github/docker-java/docker-java/3.3.3/docker-java-3.3.3.jar:/Users/lamoricaswain/.m2/repository/com/github/docker-java/docker-java-core/3.3.3/docker-java-core-3.3.3.jar:/Users/lamoricaswain/.m2/repository/com/github/docker-java/docker-java-api/3.3.3/docker-java-api-3.3.3.jar:/Users/lamoricaswain/.m2/repository/org/apache/commons/commons-compress/1.21/commons-compress-1.21.jar:/Users/lamoricaswain/.m2/repository/org/bouncycastle/bcpkix-jdk18on/1.75/bcpkix-jdk18on-1.75.jar:/Users/lamoricaswain/.m2/repository/org/bouncycastle/bcprov-jdk18on/1.75/bcprov-jdk18on-1.75.jar:/Users/lamoricaswain/.m2/repository/org/bouncycastle/bcutil-jdk18on/1.75/bcutil-jdk18on-1.75.jar:/Users/lamoricaswain/.m2/repository/org/slf4j/jcl-over-slf4j/1.7.30/jcl-over-slf4j-1.7.30.jar:/Users/lamoricaswain/.m2/repository/com/github/docker-java/docker-java-transport-httpclient5/3.3.3/docker-java-transport-httpclient5-3.3.3.jar:/Users/lamoricaswain/.m2/repository/com/github/docker-java/docker-java-transport/3.3.3/docker-java-transport-3.3.3.jar:/Users/lamoricaswain/.m2/repository/net/java/dev/jna/jna/5.12.1/jna-5.12.1.jar:/Users/lamoricaswain/.m2/repository/org/brotli/dec/0.1.2/dec-0.1.2.jar:/Users/lamoricaswain/.m2/repository/org/apache/commons/commons-lang3/3.13.0/commons-lang3-3.13.0.jar:/Users/lamoricaswain/.m2/repository/org/apache/httpcomponents/client5/httpclient5/5.2.1/httpclient5-5.2.1.jar:/Users/lamoricaswain/.m2/repository/org/apache/httpcomponents/core5/httpcore5/5.2/httpcore5-5.2.jar:/Users/lamoricaswain/.m2/repository/org/apache/httpcomponents/core5/httpcore5-h2/5.2/httpcore5-h2-5.2.jar:/Users/lamoricaswain/.m2/repository/org/testng/testng/7.8.0/testng-7.8.0.jar:/Users/lamoricaswain/.m2/repository/com/beust/jcommander/1.82/jcommander-1.82.jar:/Users/lamoricaswain/.m2/repository/org/webjars/jquery/3.6.1/jquery-3.6.1.jar:/Users/lamoricaswain/.m2/repository/io/cucumber/cucumber-java/7.29.0/cucumber-java-7.29.0.jar:/Users/lamoricaswain/.m2/repository/io/cucumber/cucumber-core/7.29.0/cucumber-core-7.29.0.jar:/Users/lamoricaswain/.m2/repository/io/cucumber/cucumber-gherkin/7.29.0/cucumber-gherkin-7.29.0.jar:/Users/lamoricaswain/.m2/repository/io/cucumber/cucumber-gherkin-messages/7.29.0/cucumber-gherkin-messages-7.29.0.jar:/Users/lamoricaswain/.m2/repository/io/cucumber/gherkin/35.1.0/gherkin-35.1.0.jar:/Users/lamoricaswain/.m2/repository/org/assertj/assertj-core/3.27.5/assertj-core-3.27.5.jar:/Users/lamoricaswain/.m2/repository/io/cucumber/messages/29.0.1/messages-29.0.1.jar:/Users/lamoricaswain/.m2/repository/io/cucumber/pretty-formatter/2.3.0/pretty-formatter-2.3.0.jar:/Users/lamoricaswain/.m2/repository/io/cucumber/query/14.4.0/query-14.4.0.jar:/Users/lamoricaswain/.m2/repository/io/cucumber/teamcity-formatter/0.1.1/teamcity-formatter-0.1.1.jar:/Users/lamoricaswain/.m2/repository/io/cucumber/testng-xml-formatter/0.6.0/testng-xml-formatter-0.6.0.jar:/Users/lamoricaswain/.m2/repository/io/cucumber/tag-expressions/6.1.2/tag-expressions-6.1.2.jar:/Users/lamoricaswain/.m2/repository/io/cucumber/cucumber-expressions/18.0.1/cucumber-expressions-18.0.1.jar:/Users/lamoricaswain/.m2/repository/io/cucumber/cucumber-json-formatter/0.2.1/cucumber-json-formatter-0.2.1.jar:/Users/lamoricaswain/.m2/repository/io/cucumber/datatable/7.29.0/datatable-7.29.0.jar:/Users/lamoricaswain/.m2/repository/io/cucumber/cucumber-plugin/7.29.0/cucumber-plugin-7.29.0.jar:/Users/lamoricaswain/.m2/repository/io/cucumber/docstring/7.29.0/docstring-7.29.0.jar:/Users/lamoricaswain/.m2/repository/io/cucumber/html-formatter/21.15.1/html-formatter-21.15.1.jar:/Users/lamoricaswain/.m2/repository/io/cucumber/junit-xml-formatter/0.9.0/junit-xml-formatter-0.9.0.jar:/Users/lamoricaswain/.m2/repository/io/cucumber/ci-environment/10.0.1/ci-environment-10.0.1.jar:/Users/lamoricaswain/.m2/repository/org/apiguardian/apiguardian-api/1.1.2/apiguardian-api-1.1.2.jar:/Users/lamoricaswain/.m2/repository/io/cucumber/cucumber-testng/7.29.0/cucumber-testng-7.29.0.jar:/Users/lamoricaswain/.m2/repository/net/masterthought/cucumber-reporting/4.2.2/cucumber-reporting-4.2.2.jar:/Users/lamoricaswain/.m2/repository/com/fasterxml/jackson/core/jackson-databind/2.9.6/jackson-databind-2.9.6.jar:/Users/lamoricaswain/.m2/repository/com/fasterxml/jackson/core/jackson-annotations/2.9.0/jackson-annotations-2.9.0.jar:/Users/lamoricaswain/.m2/repository/com/fasterxml/jackson/core/jackson-core/2.9.6/jackson-core-2.9.6.jar:/Users/lamoricaswain/.m2/repository/org/apache/velocity/velocity/1.7/velocity-1.7.jar:/Users/lamoricaswain/.m2/repository/commons-collections/commons-collections/3.2.1/commons-collections-3.2.1.jar:/Users/lamoricaswain/.m2/repository/commons-lang/commons-lang/2.4/commons-lang-2.4.jar:/Users/lamoricaswain/.m2/repository/velocity-tools/velocity-tools/1.4/velocity-tools-1.4.jar:/Users/lamoricaswain/.m2/repository/joda-time/joda-time/2.10/joda-time-2.10.jar:/Users/lamoricaswain/.m2/repository/net/lingala/zip4j/zip4j/1.3.2/zip4j-1.3.2.jar:/Users/lamoricaswain/.m2/repository/org/codehaus/plexus/plexus-utils/3.1.0/plexus-utils-3.1.0.jar:/Users/lamoricaswain/.m2/repository/org/jsoup/jsoup/1.11.3/jsoup-1.11.3.jar:/Users/lamoricaswain/.m2/repository/com/googlecode/owasp-java-html-sanitizer/owasp-java-html-sanitizer/20180219.1/owasp-java-html-sanitizer-20180219.1.jar:/Users/lamoricaswain/.m2/repository/commons-configuration/commons-configuration/1.10/commons-configuration-1.10.jar:/Users/lamoricaswain/.m2/repository/commons-logging/commons-logging/1.1.1/commons-logging-1.1.1.jar:/Users/lamoricaswain/.m2/repository/commons-io/commons-io/2.6/commons-io-2.6.jar:/Users/lamoricaswain/.m2/repository/io/rest-assured/rest-assured/4.1.2/rest-assured-4.1.2.jar:/Users/lamoricaswain/.m2/repository/org/codehaus/groovy/groovy/2.5.8/groovy-2.5.8.jar:/Users/lamoricaswain/.m2/repository/org/codehaus/groovy/groovy-xml/2.5.8/groovy-xml-2.5.8.jar:/Users/lamoricaswain/.m2/repository/org/apache/httpcomponents/httpclient/4.5.3/httpclient-4.5.3.jar:/Users/lamoricaswain/.m2/repository/org/apache/httpcomponents/httpcore/4.4.6/httpcore-4.4.6.jar:/Users/lamoricaswain/.m2/repository/commons-codec/commons-codec/1.9/commons-codec-1.9.jar:/Users/lamoricaswain/.m2/repository/org/apache/httpcomponents/httpmime/4.5.3/httpmime-4.5.3.jar:/Users/lamoricaswain/.m2/repository/org/hamcrest/hamcrest/2.1/hamcrest-2.1.jar:/Users/lamoricaswain/.m2/repository/org/ccil/cowan/tagsoup/tagsoup/1.2.1/tagsoup-1.2.1.jar:/Users/lamoricaswain/.m2/repository/io/rest-assured/json-path/4.1.2/json-path-4.1.2.jar:/Users/lamoricaswain/.m2/repository/org/codehaus/groovy/groovy-json/2.5.8/groovy-json-2.5.8.jar:/Users/lamoricaswain/.m2/repository/io/rest-assured/rest-assured-common/4.1.2/rest-assured-common-4.1.2.jar:/Users/lamoricaswain/.m2/repository/io/rest-assured/xml-path/4.1.2/xml-path-4.1.2.jar:/Users/lamoricaswain/.m2/repository/javax/xml/bind/jaxb-api/2.3.1/jaxb-api-2.3.1.jar:/Users/lamoricaswain/.m2/repository/javax/activation/javax.activation-api/1.2.0/javax.activation-api-1.2.0.jar:/Users/lamoricaswain/.m2/repository/com/sun/xml/bind/jaxb-osgi/2.3.0.1/jaxb-osgi-2.3.0.1.jar:/Users/lamoricaswain/.m2/repository/org/apache/sling/org.apache.sling.javax.activation/0.1.0/org.apache.sling.javax.activation-0.1.0.jar:/Users/lamoricaswain/.m2/repository/javax/activation/activation/1.1.1/activation-1.1.1.jar:"/>
    <property name="sun.cpu.endian" value="little"/>
    <property name="user.home" value="/Users/lamoricaswain"/>
    <property name="user.language" value="en"/>
    <property name="java.specification.vendor" value="Oracle Corporation"/>
    <property name="java.version.date" value="2025-09-16"/>
    <property name="java.home" value="/opt/homebrew/Cellar/openjdk/25/libexec/openjdk.jdk/Contents/Home"/>
    <property name="file.separator" value="/"/>
    <property name="basedir" value="/Users/lamoricaswain/MissionUnderwriters/MissionQaTest"/>
    <property name="java.vm.compressedOopsMode" value="Zero based"/>
    <property name="line.separator" value="&#10;"/>
    <property name="java.vm.specification.vendor" value="Oracle Corporation"/>
    <property name="java.specification.name" value="Java Platform API Specification"/>
    <property name="apple.awt.application.name" value="ForkedBooter"/>
<<<<<<< HEAD
    <property name="surefire.real.class.path" value="/Users/lamoricaswain/MissionUnderwriters/MissionQaTest/target/surefire/surefirebooter-20251006214123860_3.jar"/>
=======
    <property name="surefire.real.class.path" value="/Users/lamoricaswain/MissionUnderwriters/MissionQaTest/target/surefire/surefirebooter-20251005232913948_3.jar"/>
>>>>>>> main
    <property name="sun.management.compiler" value="HotSpot 64-Bit Tiered Compilers"/>
    <property name="ftp.nonProxyHosts" value="local|*.local|169.254/16|*.169.254/16"/>
    <property name="java.runtime.version" value="25"/>
    <property name="user.name" value="lamoricaswain"/>
    <property name="stdout.encoding" value="UTF-8"/>
    <property name="path.separator" value=":"/>
    <property name="os.version" value="15.5"/>
    <property name="java.runtime.name" value="OpenJDK Runtime Environment"/>
    <property name="file.encoding" value="UTF-8"/>
    <property name="java.vm.name" value="OpenJDK 64-Bit Server VM"/>
    <property name="java.vendor.version" value="Homebrew"/>
    <property name="localRepository" value="/Users/lamoricaswain/.m2/repository"/>
    <property name="java.vendor.url.bug" value="https://github.com/Homebrew/homebrew-core/issues"/>
    <property name="java.io.tmpdir" value="/var/folders/b2/5r3kxky568x2ddscs_rt3smc0000gn/T/"/>
    <property name="java.version" value="25"/>
    <property name="user.dir" value="/Users/lamoricaswain/MissionUnderwriters/MissionQaTest"/>
    <property name="os.arch" value="aarch64"/>
    <property name="java.vm.specification.name" value="Java Virtual Machine Specification"/>
    <property name="native.encoding" value="UTF-8"/>
    <property name="java.library.path" value="/Users/lamoricaswain/Library/Java/Extensions:/Library/Java/Extensions:/Network/Library/Java/Extensions:/System/Library/Java/Extensions:/usr/lib/java:."/>
    <property name="java.vm.info" value="mixed mode, sharing"/>
    <property name="stderr.encoding" value="UTF-8"/>
    <property name="java.vendor" value="Homebrew"/>
    <property name="java.vm.version" value="25"/>
    <property name="stdin.encoding" value="UTF-8"/>
    <property name="sun.io.unicode.encoding" value="UnicodeBig"/>
    <property name="socksNonProxyHosts" value="local|*.local|169.254/16|*.169.254/16"/>
    <property name="java.class.version" value="69.0"/>
  </properties>
<<<<<<< HEAD
  <testcase name="runScenario[&quot;Check item total cost and tax&quot;, &quot;Checkout items in the basket&quot;](1)" classname="runners.RunnerTest" time="4.076">
=======
  <testcase name="runScenario[&quot;Check item total cost and tax&quot;, &quot;Checkout items in the basket&quot;](1)" classname="runners.RunnerTest" time="5.45">
>>>>>>> main
    <system-out><![CDATA[
&amp#27;[1mScenario:&amp#27;[22m Check item total cost and tax                                  &amp#27;[90m# file:///Users/lamoricaswain/MissionUnderwriters/MissionQaTest/src/test/resources/features/UI-Test.feature:4&amp#27;[39m
  &amp#27;[32m✔&amp#27;[39m &amp#27;[32m&amp#27;[1mGiven &amp#27;[22mI am on the home page&amp#27;[39m                                          &amp#27;[90m# stepDefinitions.CheckoutStepDefinition.iAmOnTheHomePage()&amp#27;[39m
  &amp#27;[32m✔&amp#27;[39m &amp#27;[32m&amp#27;[1mAnd &amp#27;[22mI log in with the following details&amp#27;[39m                              &amp#27;[90m# stepDefinitions.CheckoutStepDefinition.iLoginWithUsernameAndPassword(io.cucumber.datatable.DataTable)&amp#27;[39m
      | userName      | password     |
      | standard_user | secret_sauce |
  &amp#27;[32m✔&amp#27;[39m &amp#27;[32m&amp#27;[1mAnd &amp#27;[22mI add the following items to the basket&amp#27;[39m                          &amp#27;[90m# stepDefinitions.CheckoutStepDefinition.i_add_the_following_items_to_the_basket(io.cucumber.datatable.DataTable)&amp#27;[39m
      | Sauce Labs Backpack      |
      | Sauce Labs Fleece Jacket |
      | Sauce Labs Bolt T-Shirt  |
      | Sauce Labs Onesie        |
  &amp#27;[32m✔&amp#27;[39m &amp#27;[32m&amp#27;[1mAnd &amp#27;[22mI  should see &amp#27;[1m4&amp#27;[22m items added to the shopping cart&amp#27;[39m                 &amp#27;[90m# stepDefinitions.CheckoutStepDefinition.i_should_see_items_added_to_the_shopping_cart(int)&amp#27;[39m
  &amp#27;[32m✔&amp#27;[39m &amp#27;[32m&amp#27;[1mAnd &amp#27;[22mI click on the shopping cart&amp#27;[39m                                     &amp#27;[90m# stepDefinitions.CheckoutStepDefinition.i_click_on_the_shopping_cart()&amp#27;[39m
  &amp#27;[32m✔&amp#27;[39m &amp#27;[32m&amp#27;[1mAnd &amp#27;[22mI verify that the QTY count for each item should be &amp#27;[1m1&amp#27;[22m&amp#27;[39m            &amp#27;[90m# stepDefinitions.CheckoutStepDefinition.i_verify_that_the_QTY_count_for_each_item_should_be(int)&amp#27;[39m
  &amp#27;[32m✔&amp#27;[39m &amp#27;[32m&amp#27;[1mAnd &amp#27;[22mI remove the following item:&amp#27;[39m                                     &amp#27;[90m# stepDefinitions.CheckoutStepDefinition.i_remove_the_following_item(io.cucumber.datatable.DataTable)&amp#27;[39m
      | Sauce Labs Fleece Jacket |
  &amp#27;[32m✔&amp#27;[39m &amp#27;[32m&amp#27;[1mAnd &amp#27;[22mI  should see &amp#27;[1m3&amp#27;[22m items added to the shopping cart&amp#27;[39m                 &amp#27;[90m# stepDefinitions.CheckoutStepDefinition.i_should_see_items_added_to_the_shopping_cart(int)&amp#27;[39m
  &amp#27;[32m✔&amp#27;[39m &amp#27;[32m&amp#27;[1mAnd &amp#27;[22mI click on the CHECKOUT button&amp#27;[39m                                   &amp#27;[90m# stepDefinitions.CheckoutStepDefinition.i_click_on_the_CHECKOUT_button()&amp#27;[39m
<<<<<<< HEAD
  &amp#27;[32m✔&amp#27;[39m &amp#27;[32m&amp#27;[1mAnd &amp#27;[22mI type "&amp#27;[1mFirstName&amp#27;[22m" for "&amp#27;[1mFirst Name&amp#27;[22m"&amp#27;[39m                              &amp#27;[90m# stepDefinitions.CheckoutStepDefinition.i_type_for_First_Name(java.lang.String,java.lang.String)&amp#27;[39m
  &amp#27;[32m✔&amp#27;[39m &amp#27;[32m&amp#27;[1mAnd &amp#27;[22mI type "&amp#27;[1mLastName&amp#27;[22m" for "&amp#27;[1mLast Name&amp#27;[22m"&amp#27;[39m                                &amp#27;[90m# stepDefinitions.CheckoutStepDefinition.i_type_for_First_Name(java.lang.String,java.lang.String)&amp#27;[39m
  &amp#27;[32m✔&amp#27;[39m &amp#27;[32m&amp#27;[1mAnd &amp#27;[22mI type "&amp#27;[1mEC1A 9JU&amp#27;[22m" for "&amp#27;[1mZIP/Postal Code&amp#27;[22m"&amp#27;[39m                          &amp#27;[90m# stepDefinitions.CheckoutStepDefinition.i_type_for_First_Name(java.lang.String,java.lang.String)&amp#27;[39m
=======
  &amp#27;[32m✔&amp#27;[39m &amp#27;[32m&amp#27;[1mAnd &amp#27;[22mI type "&amp#27;[1mFirstName&amp#27;[22m" for First Name&amp#27;[39m                                &amp#27;[90m# stepDefinitions.CheckoutStepDefinition.i_type_for_First_Name(java.lang.String)&amp#27;[39m
  &amp#27;[32m✔&amp#27;[39m &amp#27;[32m&amp#27;[1mAnd &amp#27;[22mI type "&amp#27;[1mLastName&amp#27;[22m" for Last Name&amp#27;[39m                                  &amp#27;[90m# stepDefinitions.CheckoutStepDefinition.i_type_for_Last_Name(java.lang.String)&amp#27;[39m
  &amp#27;[32m✔&amp#27;[39m &amp#27;[32m&amp#27;[1mAnd &amp#27;[22mI type "&amp#27;[1mEC1A 9JU&amp#27;[22m" for ZIP/Postal Code&amp#27;[39m                            &amp#27;[90m# stepDefinitions.CheckoutStepDefinition.i_type_for_ZIP_Postal_Code(java.lang.String)&amp#27;[39m
>>>>>>> main
  &amp#27;[32m✔&amp#27;[39m &amp#27;[32m&amp#27;[1mWhen &amp#27;[22mI click on the CONTINUE button&amp#27;[39m                                  &amp#27;[90m# stepDefinitions.CheckoutStepDefinition.i_click_on_the_CONTINUE_button()&amp#27;[39m
  &amp#27;[32m✔&amp#27;[39m &amp#27;[32m&amp#27;[1mThen &amp#27;[22mItem total will be equal to the &amp#27;[1m"subtotal"&amp#27;[22m of items on the list&amp#27;[39m &amp#27;[90m# stepDefinitions.CheckoutStepDefinition.item_total_will_be_equal_to_the_of_items_on_the_list(java.lang.String)&amp#27;[39m
  &amp#27;[32m✔&amp#27;[39m &amp#27;[32m&amp#27;[1mAnd &amp#27;[22ma &amp#27;[1m"Tax"&amp#27;[22m rate of &amp#27;[1m8&amp#27;[22m % is applied to the total&amp#27;[39m                      &amp#27;[90m# stepDefinitions.CheckoutStepDefinition.a_rate_of_is_applied_to_the_total(java.lang.String,java.lang.Integer)&amp#27;[39m
]]></system-out>
    <system-err><![CDATA[SLF4J: No SLF4J providers were found.
SLF4J: Defaulting to no-operation (NOP) logger implementation
SLF4J: See https://www.slf4j.org/codes.html#noProviders for further details.
<<<<<<< HEAD
Oct 06, 2025 9:41:27 PM org.openqa.selenium.devtools.CdpVersionFinder findNearestMatch
WARNING: Unable to find CDP implementation matching 141
Oct 06, 2025 9:41:27 PM org.openqa.selenium.chromium.ChromiumDriver lambda$new$5
=======
Oct 05, 2025 11:29:18 PM org.openqa.selenium.devtools.CdpVersionFinder findNearestMatch
WARNING: Unable to find CDP implementation matching 141
Oct 05, 2025 11:29:18 PM org.openqa.selenium.chromium.ChromiumDriver lambda$new$5
>>>>>>> main
WARNING: Unable to find version of CDP to use for 141.0.7390.55. You may need to include a dependency on a specific version of the CDP using something similar to `org.seleniumhq.selenium:selenium-devtools-v86:4.20.0` where the version ("v86") matches the version of the chromium-based browser you're using and the version number of the artifact is the same as Selenium's.
]]></system-err>
  </testcase>
</testsuite>