<?xml version="1.0" encoding="UTF-8"?>
<!-- Generated by org.testng.reporters.JUnitReportReporter -->
<testsuite hostname="LaMoricas-MacBook-Air.local" failures="0" tests="1" name="runners.RunnerTest" time="5.447" errors="0" timestamp="2025-10-05T23:29:20 EDT" skipped="0">
  <testcase classname="runners.RunnerTest" name="runScenario" time="5.447"/>
</testsuite> <!-- runners.RunnerTest -->
