<?xml version="1.0" encoding="UTF-8"?>
<!-- Generated by org.testng.reporters.JUnitReportReporter -->
<testsuite hostname="LaMoricas-MacBook-Air.local" failures="0" tests="9" name="runners.RunnerTest" time="10.283" errors="0" timestamp="2025-10-07T23:31:07 EDT" skipped="0">
  <testcase classname="runners.RunnerTest" name="runScenario" time="0.265"/>
  <testcase classname="runners.RunnerTest" name="runScenario" time="5.030"/>
  <testcase classname="runners.RunnerTest" name="runScenario" time="1.381"/>
  <testcase classname="runners.RunnerTest" name="runScenario" time="2.247"/>
  <testcase classname="runners.RunnerTest" name="runScenario" time="0.194"/>
  <testcase classname="runners.RunnerTest" name="runScenario" time="0.284"/>
  <testcase classname="runners.RunnerTest" name="runScenario" time="0.540"/>
  <testcase classname="runners.RunnerTest" name="runScenario" time="0.091"/>
  <testcase classname="runners.RunnerTest" name="runScenario" time="0.251"/>
</testsuite> <!-- runners.RunnerTest -->
